<?xml version="1.0" encoding="UTF-8"?>
<testng-results ignored="0" total="1" passed="1" failed="0" skipped="0">
  <reporter-output>
  </reporter-output>
  <suite started-at="2019-09-18T10:03:32Z" name="Default suite" finished-at="2019-09-18T10:03:57Z" duration-ms="24567">
    <groups>
    </groups>
    <test started-at="2019-09-18T10:03:32Z" name="Default test" finished-at="2019-09-18T10:03:57Z" duration-ms="24567">
      <class name="org.Pacificorp.Test.FacebookTest">
        <test-method is-config="true" signature="BeforeClass()[pri:0, instance:org.Pacificorp.Test.FacebookTest@548e6d58]" started-at="2019-09-18T10:03:32Z" name="BeforeClass" finished-at="2019-09-18T10:03:50Z" duration-ms="18104" status="PASS">
          <reporter-output>
          </reporter-output>
        </test-method> <!-- BeforeClass -->
        <test-method signature="captureButtonTextAndCount()[pri:0, instance:org.Pacificorp.Test.FacebookTest@548e6d58]" started-at="2019-09-18T10:03:50Z" name="captureButtonTextAndCount" finished-at="2019-09-18T10:03:55Z" duration-ms="4337" status="PASS">
          <reporter-output>
          </reporter-output>
        </test-method> <!-- captureButtonTextAndCount -->
        <test-method is-config="true" signature="closeBrowser()[pri:0, instance:org.Pacificorp.Test.FacebookTest@548e6d58]" started-at="2019-09-18T10:03:55Z" name="closeBrowser" finished-at="2019-09-18T10:03:57Z" duration-ms="2082" status="PASS">
          <reporter-output>
          </reporter-output>
        </test-method> <!-- closeBrowser -->
      </class> <!-- org.Pacificorp.Test.FacebookTest -->
    </test> <!-- Default test -->
  </suite> <!-- Default suite -->
</testng-results>
