<?xml version="1.0" encoding="UTF-8"?>
<testng-results skipped="0" failed="0" ignored="0" total="1" passed="1">
  <reporter-output>
  </reporter-output>
  <suite name="Command line suite" duration-ms="8669" started-at="2019-09-18T13:11:53Z" finished-at="2019-09-18T13:12:01Z">
    <groups>
    </groups>
    <test name="Command line test" duration-ms="8669" started-at="2019-09-18T13:11:53Z" finished-at="2019-09-18T13:12:01Z">
      <class name="org.Pacificorp.Test.WebXPTest">
        <test-method status="PASS" signature="BeforeClass()[pri:0, instance:org.Pacificorp.Test.WebXPTest@68fb2c38]" name="BeforeClass" is-config="true" duration-ms="4847" started-at="2019-09-18T13:11:53Z" finished-at="2019-09-18T13:11:58Z">
          <reporter-output>
          </reporter-output>
        </test-method> <!-- BeforeClass -->
        <test-method status="PASS" signature="captureButtonTextAndCount()[pri:0, instance:org.Pacificorp.Test.WebXPTest@68fb2c38]" name="captureButtonTextAndCount" duration-ms="1500" started-at="2019-09-18T13:11:58Z" finished-at="2019-09-18T13:11:59Z">
          <reporter-output>
          </reporter-output>
        </test-method> <!-- captureButtonTextAndCount -->
        <test-method status="PASS" signature="closeBrowser()[pri:0, instance:org.Pacificorp.Test.WebXPTest@68fb2c38]" name="closeBrowser" is-config="true" duration-ms="2311" started-at="2019-09-18T13:11:59Z" finished-at="2019-09-18T13:12:01Z">
          <reporter-output>
          </reporter-output>
        </test-method> <!-- closeBrowser -->
      </class> <!-- org.Pacificorp.Test.WebXPTest -->
    </test> <!-- Command line test -->
  </suite> <!-- Command line suite -->
</testng-results>
